[test|2020-11-06T16:43:21.063+08:00|Before]:logFromIpAddr=0:0:0:0:0:0:0:1, logLocalAddr=0:0:0:0:0:0:0:1, logFromPort=65258, logLocalPort=8804
[test|2020-11-06T16:43:21.137+08:00|Before]:Accept=text/html,application/xhtml+xml,application/xml;q=0.9,image/avif,image/webp,image/apng,*/*;q=0.8,application/signed-exchange;v=b3;q=0.9; Connection=keep-alive; 
[test|2020-11-06T16:43:21.139+08:00|Before]:logFromIpAddr=0:0:0:0:0:0:0:1, logLocalAddr=0:0:0:0:0:0:0:1, logFromPort=65258, logLocalPort=8804
[test|2020-11-06T16:43:21.141+08:00|Before]:Accept=text/html,application/xhtml+xml,application/xml;q=0.9,image/avif,image/webp,image/apng,*/*;q=0.8,application/signed-exchange;v=b3;q=0.9; Connection=keep-alive; 
[test|2020-11-06T16:43:21.142+08:00|After]:logFromIpAddr=0:0:0:0:0:0:0:1, logLocalAddr=0:0:0:0:0:0:0:1, logFromPort=65258, logLocalPort=8804
[test|2020-11-06T16:43:21.144+08:00|After]:Accept=text/html,application/xhtml+xml,application/xml;q=0.9,image/avif,image/webp,image/apng,*/*;q=0.8,application/signed-exchange;v=b3;q=0.9; Connection=keep-alive; 
[test|2020-11-06T16:43:21.146+08:00|After]:logFromIpAddr=0:0:0:0:0:0:0:1, logLocalAddr=0:0:0:0:0:0:0:1, logFromPort=65258, logLocalPort=8804
[test|2020-11-06T16:43:21.147+08:00|After]:Accept=text/html,application/xhtml+xml,application/xml;q=0.9,image/avif,image/webp,image/apng,*/*;q=0.8,application/signed-exchange;v=b3;q=0.9; Connection=keep-alive; 
[test|2020-11-06T18:44:01.991+08:00|Before]:logFromIpAddr=0:0:0:0:0:0:0:1, logLocalAddr=0:0:0:0:0:0:0:1, logFromPort=57298, logLocalPort=8804
[test|2020-11-06T18:44:02.075+08:00|Before]:Accept=text/html,application/xhtml+xml,application/xml;q=0.9,*/*;q=0.8; Connection=Keep-Alive; 
[test|2020-11-06T18:44:02.088+08:00|After]:logFromIpAddr=0:0:0:0:0:0:0:1, logLocalAddr=0:0:0:0:0:0:0:1, logFromPort=57298, logLocalPort=8804
[test|2020-11-06T18:44:02.090+08:00|After]:Accept=text/html,application/xhtml+xml,application/xml;q=0.9,*/*;q=0.8; Connection=Keep-Alive; 
[test|2020-11-06T18:48:37.394+08:00|Before]:logFromIpAddr=0:0:0:0:0:0:0:1, logLocalAddr=0:0:0:0:0:0:0:1, logFromPort=57614, logLocalPort=8888
[test|2020-11-06T18:48:37.456+08:00|Before]:Accept=text/html,application/xhtml+xml,application/xml;q=0.9,*/*;q=0.8; Connection=Keep-Alive; 
[test|2020-11-06T18:48:37.466+08:00|After]:logFromIpAddr=0:0:0:0:0:0:0:1, logLocalAddr=0:0:0:0:0:0:0:1, logFromPort=57614, logLocalPort=8888
[test|2020-11-06T18:48:37.469+08:00|After]:Accept=text/html,application/xhtml+xml,application/xml;q=0.9,*/*;q=0.8; Connection=Keep-Alive; 
[test|2020-11-06T18:48:56.279+08:00|Before]:logFromIpAddr=0:0:0:0:0:0:0:1, logLocalAddr=0:0:0:0:0:0:0:1, logFromPort=57614, logLocalPort=8888
[test|2020-11-06T18:48:56.283+08:00|Before]:Accept=text/html,application/xhtml+xml,application/xml;q=0.9,*/*;q=0.8; Connection=Keep-Alive; 
[test|2020-11-06T18:48:56.309+08:00|After]:logFromIpAddr=0:0:0:0:0:0:0:1, logLocalAddr=0:0:0:0:0:0:0:1, logFromPort=57614, logLocalPort=8888
[test|2020-11-06T18:48:56.312+08:00|After]:Accept=text/html,application/xhtml+xml,application/xml;q=0.9,*/*;q=0.8; Connection=Keep-Alive; 
[test|2020-11-06T18:49:20.164+08:00|Before]:logFromIpAddr=0:0:0:0:0:0:0:1, logLocalAddr=0:0:0:0:0:0:0:1, logFromPort=57672, logLocalPort=8888
[test|2020-11-06T18:49:20.231+08:00|Before]:Accept=text/html,application/xhtml+xml,application/xml;q=0.9,*/*;q=0.8; Connection=Keep-Alive; 
[test|2020-11-06T18:49:20.243+08:00|After]:logFromIpAddr=0:0:0:0:0:0:0:1, logLocalAddr=0:0:0:0:0:0:0:1, logFromPort=57672, logLocalPort=8888
[test|2020-11-06T18:49:20.245+08:00|After]:Accept=text/html,application/xhtml+xml,application/xml;q=0.9,*/*;q=0.8; Connection=Keep-Alive; 
[test|2020-11-06T19:22:25.342+08:00|Before]:logFromIpAddr=0:0:0:0:0:0:0:1, logLocalAddr=0:0:0:0:0:0:0:1, logFromPort=59980, logLocalPort=8888
[test|2020-11-06T19:22:25.401+08:00|Before]:Accept=text/html,application/xhtml+xml,application/xml;q=0.9,*/*;q=0.8; Connection=Keep-Alive; 
[test|2020-11-06T19:22:25.412+08:00|After]:logFromIpAddr=0:0:0:0:0:0:0:1, logLocalAddr=0:0:0:0:0:0:0:1, logFromPort=59980, logLocalPort=8888
[test|2020-11-06T19:22:25.414+08:00|After]:Accept=text/html,application/xhtml+xml,application/xml;q=0.9,*/*;q=0.8; Connection=Keep-Alive; 
